<?xml version="1.0" encoding="UTF-8"?>
<!-- Generated by org.testng.reporters.JUnitReportReporter -->
<testsuite hostname="DESKTOP-1O7GECF" failures="0" tests="4" name="Automation.Grouping" time="0.026" errors="0" timestamp="2021-06-07T22:38:08 IST" skipped="0">
  <testcase classname="Automation.Grouping" name="samsung1" time="0.003"/>
  <system-out/>
  <testcase classname="Automation.Grouping" name="onePlus1" time="0.015"/>
  <system-out/>
  <testcase classname="Automation.Grouping" name="onePlus2" time="0.003"/>
  <system-out/>
  <testcase classname="Automation.Grouping" name="samsung2" time="0.005"/>
  <system-out/>
</testsuite> <!-- Automation.Grouping -->
